/home/guildstudent/vrx_ws/src/controls/install/lib/python3.10/site-packages/controls/controller_pwm.py
/home/guildstudent/vrx_ws/src/controls/install/lib/python3.10/site-packages/controls/__init__.py
/home/guildstudent/vrx_ws/src/controls/install/lib/python3.10/site-packages/controls/guidance_los_vo.py
/home/guildstudent/vrx_ws/src/controls/install/lib/python3.10/site-packages/controls/controller_wamv.py
/home/guildstudent/vrx_ws/src/controls/install/lib/python3.10/site-packages/controls/guidance_wamv.py
/home/guildstudent/vrx_ws/src/controls/install/lib/python3.10/site-packages/controls/test.py
/home/guildstudent/vrx_ws/src/controls/install/lib/python3.10/site-packages/controls/__pycache__/controller_pwm.cpython-310.pyc
/home/guildstudent/vrx_ws/src/controls/install/lib/python3.10/site-packages/controls/__pycache__/__init__.cpython-310.pyc
/home/guildstudent/vrx_ws/src/controls/install/lib/python3.10/site-packages/controls/__pycache__/guidance_los_vo.cpython-310.pyc
/home/guildstudent/vrx_ws/src/controls/install/lib/python3.10/site-packages/controls/__pycache__/controller_wamv.cpython-310.pyc
/home/guildstudent/vrx_ws/src/controls/install/lib/python3.10/site-packages/controls/__pycache__/guidance_wamv.cpython-310.pyc
/home/guildstudent/vrx_ws/src/controls/install/lib/python3.10/site-packages/controls/__pycache__/test.cpython-310.pyc
/home/guildstudent/vrx_ws/src/controls/install/share/ament_index/resource_index/packages/controls
/home/guildstudent/vrx_ws/src/controls/install/share/controls/package.xml
/home/guildstudent/vrx_ws/src/controls/install/lib/python3.10/site-packages/controls-0.0.0-py3.10.egg-info/zip-safe
/home/guildstudent/vrx_ws/src/controls/install/lib/python3.10/site-packages/controls-0.0.0-py3.10.egg-info/top_level.txt
/home/guildstudent/vrx_ws/src/controls/install/lib/python3.10/site-packages/controls-0.0.0-py3.10.egg-info/SOURCES.txt
/home/guildstudent/vrx_ws/src/controls/install/lib/python3.10/site-packages/controls-0.0.0-py3.10.egg-info/requires.txt
/home/guildstudent/vrx_ws/src/controls/install/lib/python3.10/site-packages/controls-0.0.0-py3.10.egg-info/entry_points.txt
/home/guildstudent/vrx_ws/src/controls/install/lib/python3.10/site-packages/controls-0.0.0-py3.10.egg-info/dependency_links.txt
/home/guildstudent/vrx_ws/src/controls/install/lib/python3.10/site-packages/controls-0.0.0-py3.10.egg-info/PKG-INFO
/home/guildstudent/vrx_ws/src/controls/install/lib/controls/controller
/home/guildstudent/vrx_ws/src/controls/install/lib/controls/tester
