running egg_info
writing build/controls/controls.egg-info/PKG-INFO
writing dependency_links to build/controls/controls.egg-info/dependency_links.txt
writing entry points to build/controls/controls.egg-info/entry_points.txt
writing requirements to build/controls/controls.egg-info/requires.txt
writing top-level names to build/controls/controls.egg-info/top_level.txt
listing git files failed - pretending there aren't any
reading manifest file 'build/controls/controls.egg-info/SOURCES.txt'
writing manifest file 'build/controls/controls.egg-info/SOURCES.txt'
running build
running build_py
copying controls/test.py -> /home/guildstudent/vrx_ws/src/controls/build/controls/build/lib/controls
running install
/usr/lib/python3/dist-packages/setuptools/command/install.py:34: SetuptoolsDeprecationWarning: setup.py install is deprecated. Use build and pip and other standards-based tools.
  warnings.warn(
running install_lib
copying /home/guildstudent/vrx_ws/src/controls/build/controls/build/lib/controls/test.py -> /home/guildstudent/vrx_ws/src/controls/install/lib/python3.10/site-packages/controls
byte-compiling /home/guildstudent/vrx_ws/src/controls/install/lib/python3.10/site-packages/controls/test.py to test.cpython-310.pyc
running install_data
running install_egg_info
removing '/home/guildstudent/vrx_ws/src/controls/install/lib/python3.10/site-packages/controls-0.0.0-py3.10.egg-info' (and everything under it)
Copying build/controls/controls.egg-info to /home/guildstudent/vrx_ws/src/controls/install/lib/python3.10/site-packages/controls-0.0.0-py3.10.egg-info
running install_scripts
Installing controller script to /home/guildstudent/vrx_ws/src/controls/install/lib/controls
Installing tester script to /home/guildstudent/vrx_ws/src/controls/install/lib/controls
writing list of installed files to '/home/guildstudent/vrx_ws/src/controls/build/controls/install.log'
