[0.591s] DEBUG:colcon:Command line arguments: ['/usr/bin/colcon', 'build', '--merge-install', '--packages-select', 'controls']
[0.591s] DEBUG:colcon:Parsed command line arguments: Namespace(log_base=None, log_level=None, verb_name='build', build_base='build', install_base='install', merge_install=True, symlink_install=False, test_result_base=None, continue_on_error=False, executor='parallel', parallel_workers=24, event_handlers=None, ignore_user_meta=False, metas=['./colcon.meta'], base_paths=['.'], packages_ignore=None, packages_ignore_regex=None, paths=None, packages_up_to=None, packages_up_to_regex=None, packages_above=None, packages_above_and_dependencies=None, packages_above_depth=None, packages_select_by_dep=None, packages_skip_by_dep=None, packages_skip_up_to=None, packages_select_build_failed=False, packages_skip_build_finished=False, packages_select_test_failures=False, packages_skip_test_passed=False, packages_select=['controls'], packages_skip=None, packages_select_regex=None, packages_skip_regex=None, packages_start=None, packages_end=None, allow_overriding=[], cmake_args=None, cmake_target=None, cmake_target_skip_unavailable=False, cmake_clean_cache=False, cmake_clean_first=False, cmake_force_configure=False, ament_cmake_args=None, catkin_cmake_args=None, catkin_skip_building_tests=False, verb_parser=<colcon_defaults.argument_parser.defaults.DefaultArgumentsDecorator object at 0x7f2f1b8f8bb0>, verb_extension=<colcon_core.verb.build.BuildVerb object at 0x7f2f1c2a0be0>, main=<bound method BuildVerb.main of <colcon_core.verb.build.BuildVerb object at 0x7f2f1c2a0be0>>)
[0.628s] Level 1:colcon.colcon_core.package_discovery:discover_packages(colcon_meta) check parameters
[0.628s] Level 1:colcon.colcon_core.package_discovery:discover_packages(recursive) check parameters
[0.628s] Level 1:colcon.colcon_core.package_discovery:discover_packages(ignore) check parameters
[0.628s] Level 1:colcon.colcon_core.package_discovery:discover_packages(path) check parameters
[0.628s] Level 1:colcon.colcon_core.package_discovery:discover_packages(colcon_meta) discover
[0.628s] Level 1:colcon.colcon_core.package_discovery:discover_packages(recursive) discover
[0.628s] INFO:colcon.colcon_core.package_discovery:Crawling recursively for packages in '/home/guildstudent/vrx_ws/src/controls'
[0.629s] Level 1:colcon.colcon_core.package_identification:_identify(.) by extensions ['ignore', 'ignore_ament_install']
[0.629s] Level 1:colcon.colcon_core.package_identification:_identify(.) by extension 'ignore'
[0.629s] Level 1:colcon.colcon_core.package_identification:_identify(.) by extension 'ignore_ament_install'
[0.629s] Level 1:colcon.colcon_core.package_identification:_identify(.) by extensions ['colcon_pkg']
[0.629s] Level 1:colcon.colcon_core.package_identification:_identify(.) by extension 'colcon_pkg'
[0.629s] Level 1:colcon.colcon_core.package_identification:_identify(.) by extensions ['colcon_meta']
[0.629s] Level 1:colcon.colcon_core.package_identification:_identify(.) by extension 'colcon_meta'
[0.629s] Level 1:colcon.colcon_core.package_identification:_identify(.) by extensions ['ros']
[0.629s] Level 1:colcon.colcon_core.package_identification:_identify(.) by extension 'ros'
[0.643s] DEBUG:colcon.colcon_core.package_identification:Package '.' with type 'ros.ament_python' and name 'controls'
[0.643s] Level 1:colcon.colcon_core.package_discovery:discover_packages(recursive) using defaults
[0.643s] Level 1:colcon.colcon_core.package_discovery:discover_packages(ignore) discover
[0.643s] Level 1:colcon.colcon_core.package_discovery:discover_packages(ignore) using defaults
[0.643s] Level 1:colcon.colcon_core.package_discovery:discover_packages(path) discover
[0.643s] Level 1:colcon.colcon_core.package_discovery:discover_packages(path) using defaults
[0.685s] Level 1:colcon.colcon_core.package_discovery:discover_packages(prefix_path) check parameters
[0.685s] Level 1:colcon.colcon_core.package_discovery:discover_packages(prefix_path) discover
[0.690s] DEBUG:colcon.colcon_installed_package_information.package_discovery:Found 6 installed packages in /home/guildstudent/vrx_ws/install
[0.694s] DEBUG:colcon.colcon_installed_package_information.package_discovery:Found 287 installed packages in /opt/ros/humble
[0.695s] Level 1:colcon.colcon_core.package_discovery:discover_packages(prefix_path) using defaults
[0.779s] Level 5:colcon.colcon_core.verb:set package 'controls' build argument 'cmake_args' from command line to 'None'
[0.779s] Level 5:colcon.colcon_core.verb:set package 'controls' build argument 'cmake_target' from command line to 'None'
[0.779s] Level 5:colcon.colcon_core.verb:set package 'controls' build argument 'cmake_target_skip_unavailable' from command line to 'False'
[0.779s] Level 5:colcon.colcon_core.verb:set package 'controls' build argument 'cmake_clean_cache' from command line to 'False'
[0.779s] Level 5:colcon.colcon_core.verb:set package 'controls' build argument 'cmake_clean_first' from command line to 'False'
[0.779s] Level 5:colcon.colcon_core.verb:set package 'controls' build argument 'cmake_force_configure' from command line to 'False'
[0.779s] Level 5:colcon.colcon_core.verb:set package 'controls' build argument 'ament_cmake_args' from command line to 'None'
[0.779s] Level 5:colcon.colcon_core.verb:set package 'controls' build argument 'catkin_cmake_args' from command line to 'None'
[0.780s] Level 5:colcon.colcon_core.verb:set package 'controls' build argument 'catkin_skip_building_tests' from command line to 'False'
[0.780s] DEBUG:colcon.colcon_core.verb:Building package 'controls' with the following arguments: {'ament_cmake_args': None, 'build_base': '/home/guildstudent/vrx_ws/src/controls/build/controls', 'catkin_cmake_args': None, 'catkin_skip_building_tests': False, 'cmake_args': None, 'cmake_clean_cache': False, 'cmake_clean_first': False, 'cmake_force_configure': False, 'cmake_target': None, 'cmake_target_skip_unavailable': False, 'install_base': '/home/guildstudent/vrx_ws/src/controls/install', 'merge_install': True, 'path': '/home/guildstudent/vrx_ws/src/controls', 'symlink_install': False, 'test_result_base': None}
[0.781s] INFO:colcon.colcon_core.executor:Executing jobs using 'parallel' executor
[0.787s] DEBUG:colcon.colcon_parallel_executor.executor.parallel:run_until_complete
[0.788s] INFO:colcon.colcon_ros.task.ament_python.build:Building ROS package in '/home/guildstudent/vrx_ws/src/controls' with build type 'ament_python'
[0.788s] Level 1:colcon.colcon_core.shell:create_environment_hook('controls', 'ament_prefix_path')
[0.799s] INFO:colcon.colcon_core.plugin_system:Skipping extension 'colcon_core.shell.bat': Not used on non-Windows systems
[0.799s] INFO:colcon.colcon_core.shell:Creating environment hook '/home/guildstudent/vrx_ws/src/controls/install/share/controls/hook/ament_prefix_path.ps1'
[0.800s] INFO:colcon.colcon_core.shell:Creating environment descriptor '/home/guildstudent/vrx_ws/src/controls/install/share/controls/hook/ament_prefix_path.dsv'
[0.801s] INFO:colcon.colcon_core.shell:Creating environment hook '/home/guildstudent/vrx_ws/src/controls/install/share/controls/hook/ament_prefix_path.sh'
[0.808s] INFO:colcon.colcon_core.shell:Skip shell extension 'powershell' for command environment: Not usable outside of PowerShell
[0.808s] DEBUG:colcon.colcon_core.shell:Skip shell extension 'dsv' for command environment
[1.284s] INFO:colcon.colcon_core.task.python.build:Building Python package in '/home/guildstudent/vrx_ws/src/controls'
[1.289s] INFO:colcon.colcon_core.shell:Skip shell extension 'powershell' for command environment: Not usable outside of PowerShell
[1.290s] DEBUG:colcon.colcon_core.shell:Skip shell extension 'dsv' for command environment
[1.793s] DEBUG:colcon.colcon_core.event_handler.log_command:Invoking command in '/home/guildstudent/vrx_ws/src/controls': PYTHONPATH=/home/guildstudent/vrx_ws/src/controls/build/controls/prefix_override:/home/guildstudent/vrx_ws/src/controls/install/lib/python3.10/site-packages:${PYTHONPATH} /usr/bin/python3 setup.py egg_info --egg-base build/controls build --build-base /home/guildstudent/vrx_ws/src/controls/build/controls/build install --record /home/guildstudent/vrx_ws/src/controls/build/controls/install.log --single-version-externally-managed
[2.387s] DEBUG:colcon.colcon_core.event_handler.log_command:Invoked command in '/home/guildstudent/vrx_ws/src/controls' returned '0': PYTHONPATH=/home/guildstudent/vrx_ws/src/controls/build/controls/prefix_override:/home/guildstudent/vrx_ws/src/controls/install/lib/python3.10/site-packages:${PYTHONPATH} /usr/bin/python3 setup.py egg_info --egg-base build/controls build --build-base /home/guildstudent/vrx_ws/src/controls/build/controls/build install --record /home/guildstudent/vrx_ws/src/controls/build/controls/install.log --single-version-externally-managed
[2.395s] Level 1:colcon.colcon_core.environment:checking '/home/guildstudent/vrx_ws/src/controls/install' for CMake module files
[2.396s] Level 1:colcon.colcon_core.environment:checking '/home/guildstudent/vrx_ws/src/controls/install' for CMake config files
[2.397s] Level 1:colcon.colcon_core.environment:checking '/home/guildstudent/vrx_ws/src/controls/install/lib'
[2.397s] Level 1:colcon.colcon_core.environment:checking '/home/guildstudent/vrx_ws/src/controls/install/bin'
[2.398s] Level 1:colcon.colcon_core.environment:checking '/home/guildstudent/vrx_ws/src/controls/install/lib/pkgconfig/controls.pc'
[2.398s] Level 1:colcon.colcon_core.environment:checking '/home/guildstudent/vrx_ws/src/controls/install/lib/python3.10/site-packages'
[2.398s] Level 1:colcon.colcon_core.shell:create_environment_hook('controls', 'pythonpath')
[2.404s] INFO:colcon.colcon_core.shell:Creating environment hook '/home/guildstudent/vrx_ws/src/controls/install/share/controls/hook/pythonpath.ps1'
[2.404s] INFO:colcon.colcon_core.shell:Creating environment descriptor '/home/guildstudent/vrx_ws/src/controls/install/share/controls/hook/pythonpath.dsv'
[2.405s] INFO:colcon.colcon_core.shell:Creating environment hook '/home/guildstudent/vrx_ws/src/controls/install/share/controls/hook/pythonpath.sh'
[2.406s] Level 1:colcon.colcon_core.environment:checking '/home/guildstudent/vrx_ws/src/controls/install/bin'
[2.406s] Level 1:colcon.colcon_core.environment:create_environment_scripts_only(controls)
[2.411s] INFO:colcon.colcon_core.shell:Creating package script '/home/guildstudent/vrx_ws/src/controls/install/share/controls/package.ps1'
[2.412s] INFO:colcon.colcon_core.shell:Creating package descriptor '/home/guildstudent/vrx_ws/src/controls/install/share/controls/package.dsv'
[2.413s] INFO:colcon.colcon_core.shell:Creating package script '/home/guildstudent/vrx_ws/src/controls/install/share/controls/package.sh'
[2.414s] INFO:colcon.colcon_core.shell:Creating package script '/home/guildstudent/vrx_ws/src/controls/install/share/controls/package.bash'
[2.415s] INFO:colcon.colcon_core.shell:Creating package script '/home/guildstudent/vrx_ws/src/controls/install/share/controls/package.zsh'
[2.416s] Level 1:colcon.colcon_core.environment:create_file_with_runtime_dependencies(/home/guildstudent/vrx_ws/src/controls/install/share/colcon-core/packages/controls)
[2.417s] DEBUG:colcon.colcon_parallel_executor.executor.parallel:closing loop
[2.417s] DEBUG:colcon.colcon_parallel_executor.executor.parallel:loop closed
[2.417s] DEBUG:colcon.colcon_parallel_executor.executor.parallel:run_until_complete finished with '0'
[2.417s] DEBUG:colcon.colcon_core.event_reactor:joining thread
[2.425s] INFO:colcon.colcon_core.plugin_system:Skipping extension 'colcon_notification.desktop_notification.terminal_notifier': Not used on non-Darwin systems
[2.425s] INFO:colcon.colcon_core.plugin_system:Skipping extension 'colcon_notification.desktop_notification.win32': Not used on non-Windows systems
[2.425s] INFO:colcon.colcon_notification.desktop_notification:Sending desktop notification using 'notify2'
[2.458s] DEBUG:colcon.colcon_core.event_reactor:joined thread
[2.461s] INFO:colcon.colcon_core.shell:Creating prefix script '/home/guildstudent/vrx_ws/src/controls/install/local_setup.ps1'
[2.462s] INFO:colcon.colcon_core.shell:Creating prefix util module '/home/guildstudent/vrx_ws/src/controls/install/_local_setup_util_ps1.py'
[2.463s] INFO:colcon.colcon_core.shell:Creating prefix chain script '/home/guildstudent/vrx_ws/src/controls/install/setup.ps1'
[2.465s] INFO:colcon.colcon_core.shell:Creating prefix script '/home/guildstudent/vrx_ws/src/controls/install/local_setup.sh'
[2.466s] INFO:colcon.colcon_core.shell:Creating prefix util module '/home/guildstudent/vrx_ws/src/controls/install/_local_setup_util_sh.py'
[2.467s] INFO:colcon.colcon_core.shell:Creating prefix chain script '/home/guildstudent/vrx_ws/src/controls/install/setup.sh'
[2.470s] INFO:colcon.colcon_core.shell:Creating prefix script '/home/guildstudent/vrx_ws/src/controls/install/local_setup.bash'
[2.470s] INFO:colcon.colcon_core.shell:Creating prefix chain script '/home/guildstudent/vrx_ws/src/controls/install/setup.bash'
[2.474s] INFO:colcon.colcon_core.shell:Creating prefix script '/home/guildstudent/vrx_ws/src/controls/install/local_setup.zsh'
[2.474s] INFO:colcon.colcon_core.shell:Creating prefix chain script '/home/guildstudent/vrx_ws/src/controls/install/setup.zsh'
