-- Found ament_cmake: 1.3.8 (/opt/ros/humble/share/ament_cmake/cmake)
-- Found rclcpp: 16.0.8 (/opt/ros/humble/share/rclcpp/cmake)
-- Found rosidl_generator_c: 3.1.5 (/opt/ros/humble/share/rosidl_generator_c/cmake)
-- Found rosidl_adapter: 3.1.5 (/opt/ros/humble/share/rosidl_adapter/cmake)
-- Found rosidl_generator_cpp: 3.1.5 (/opt/ros/humble/share/rosidl_generator_cpp/cmake)
-- Using all available rosidl_typesupport_c: rosidl_typesupport_fastrtps_c;rosidl_typesupport_introspection_c
-- Using all available rosidl_typesupport_cpp: rosidl_typesupport_fastrtps_cpp;rosidl_typesupport_introspection_cpp
-- Found rmw_implementation_cmake: 6.1.1 (/opt/ros/humble/share/rmw_implementation_cmake/cmake)
-- Found rmw_fastrtps_cpp: 6.2.6 (/opt/ros/humble/share/rmw_fastrtps_cpp/cmake)
-- Using RMW implementation 'rmw_fastrtps_cpp' as default
-- Found pcl_conversions: 2.4.0 (/opt/ros/humble/share/pcl_conversions/cmake)
-- Found ament_lint_auto: 0.12.10 (/opt/ros/humble/share/ament_lint_auto/cmake)
-- Eigen found (include: /usr/include/eigen3, version: 3.4.0)
-- FLANN found (include: /usr/include, lib: /usr/lib/x86_64-linux-gnu/libflann_cpp.so)
-- OpenNI found (version: 1.5.4.0, include: /usr/include/ni, lib: /usr/lib/libOpenNI.so;libusb::libusb)
-- OpenNI2 found (version: 2.2.0.33, include: /usr/include/openni2, lib: /usr/lib/x86_64-linux-gnu/libOpenNI2.so;libusb::libusb)
-- Eigen found (include: /usr/include/eigen3, version: 3.4.0)
-- OpenNI found (version: 1.5.4.0, include: /usr/include/ni, lib: /usr/lib/libOpenNI.so;libusb::libusb)
-- OpenNI2 found (version: 2.2.0.33, include: /usr/include/openni2, lib: /usr/lib/x86_64-linux-gnu/libOpenNI2.so;libusb::libusb)
-- Found Qhull version 8.0.2
-- OpenNI found (version: 1.5.4.0, include: /usr/include/ni, lib: /usr/lib/libOpenNI.so;libusb::libusb)
-- looking for PCL_COMMON
-- looking for PCL_KDTREE
-- looking for PCL_OCTREE
-- looking for PCL_SEARCH
-- looking for PCL_SAMPLE_CONSENSUS
-- looking for PCL_FILTERS
-- looking for PCL_2D
-- looking for PCL_GEOMETRY
-- looking for PCL_IO
-- looking for PCL_FEATURES
-- looking for PCL_ML
-- looking for PCL_SEGMENTATION
-- looking for PCL_VISUALIZATION
-- looking for PCL_SURFACE
-- looking for PCL_REGISTRATION
-- looking for PCL_KEYPOINTS
-- looking for PCL_TRACKING
-- looking for PCL_RECOGNITION
-- looking for PCL_STEREO
-- looking for PCL_APPS
-- looking for PCL_IN_HAND_SCANNER
-- looking for PCL_MODELER
-- looking for PCL_POINT_CLOUD_EDITOR
-- looking for PCL_OUTOFCORE
-- looking for PCL_PEOPLE
-- Added test 'cppcheck' to perform static code analysis on C / C++ code
-- Configured cppcheck include dirs: 
-- Configured cppcheck exclude dirs and/or files: 
-- Added test 'flake8' to check Python code syntax and style conventions
-- Added test 'lint_cmake' to check CMake code style
-- Added test 'pep257' to check Python code against some of the docstring style conventions in PEP 257
-- Added test 'uncrustify' to check C / C++ code style
-- Configured uncrustify additional arguments: 
-- Added test 'xmllint' to check XML markup files
-- Configuring done (3.2s)
-- Generating done (0.1s)
-- Build files have been written to: /home/guildstudent/akash_ws/src/perception/build/perception
[  8%] [32mBuilding CXX object CMakeFiles/talker.dir/src/testpub.cpp.o[0m
[ 16%] [32mBuilding CXX object CMakeFiles/listener.dir/src/testsub.cpp.o[0m
[ 25%] [32mBuilding CXX object CMakeFiles/cpp_code.dir/src/testnode.cpp.o[0m
[ 33%] [32mBuilding CXX object CMakeFiles/voxelros.dir/src/voxelros.cpp.o[0m
[ 41%] [32mBuilding CXX object CMakeFiles/clusterros.dir/src/clusterros.cpp.o[0m
[ 50%] [32mBuilding CXX object CMakeFiles/lidarcluster.dir/src/lidarcluster.cpp.o[0m
[ 58%] [32m[1mLinking CXX executable cpp_code[0m
[ 66%] [32m[1mLinking CXX executable talker[0m
[ 66%] Built target cpp_code
[ 66%] Built target talker
[ 75%] [32m[1mLinking CXX executable listener[0m
[ 75%] Built target listener
[ 83%] [32m[1mLinking CXX executable voxelros[0m
[ 83%] Built target voxelros
[ 91%] [32m[1mLinking CXX executable clusterros[0m
[100%] [32m[1mLinking CXX executable lidarcluster[0m
[100%] Built target clusterros
[100%] Built target lidarcluster
-- Install configuration: ""
-- Up-to-date: /home/guildstudent/akash_ws/src/perception/install/perception/share/ament_index/resource_index/package_run_dependencies/perception
-- Up-to-date: /home/guildstudent/akash_ws/src/perception/install/perception/share/ament_index/resource_index/parent_prefix_path/perception
-- Up-to-date: /home/guildstudent/akash_ws/src/perception/install/perception/share/perception/environment/ament_prefix_path.sh
-- Installing: /home/guildstudent/akash_ws/src/perception/install/perception/share/perception/environment/ament_prefix_path.dsv
-- Up-to-date: /home/guildstudent/akash_ws/src/perception/install/perception/share/perception/environment/path.sh
-- Installing: /home/guildstudent/akash_ws/src/perception/install/perception/share/perception/environment/path.dsv
-- Up-to-date: /home/guildstudent/akash_ws/src/perception/install/perception/share/perception/local_setup.bash
-- Up-to-date: /home/guildstudent/akash_ws/src/perception/install/perception/share/perception/local_setup.sh
-- Up-to-date: /home/guildstudent/akash_ws/src/perception/install/perception/share/perception/local_setup.zsh
-- Installing: /home/guildstudent/akash_ws/src/perception/install/perception/share/perception/local_setup.dsv
-- Installing: /home/guildstudent/akash_ws/src/perception/install/perception/share/perception/package.dsv
-- Up-to-date: /home/guildstudent/akash_ws/src/perception/install/perception/share/ament_index/resource_index/packages/perception
-- Up-to-date: /home/guildstudent/akash_ws/src/perception/install/perception/share/perception/cmake/ament_cmake_export_include_directories-extras.cmake
-- Up-to-date: /home/guildstudent/akash_ws/src/perception/install/perception/share/perception/cmake/perceptionConfig.cmake
-- Up-to-date: /home/guildstudent/akash_ws/src/perception/install/perception/share/perception/cmake/perceptionConfig-version.cmake
-- Up-to-date: /home/guildstudent/akash_ws/src/perception/install/perception/share/perception/package.xml
-- Installing: /home/guildstudent/akash_ws/src/perception/install/perception/lib/perception/talker
-- Set runtime path of "/home/guildstudent/akash_ws/src/perception/install/perception/lib/perception/talker" to ""
-- Installing: /home/guildstudent/akash_ws/src/perception/install/perception/lib/perception/listener
-- Set runtime path of "/home/guildstudent/akash_ws/src/perception/install/perception/lib/perception/listener" to ""
-- Installing: /home/guildstudent/akash_ws/src/perception/install/perception/lib/perception/voxelros
-- Set runtime path of "/home/guildstudent/akash_ws/src/perception/install/perception/lib/perception/voxelros" to ""
-- Installing: /home/guildstudent/akash_ws/src/perception/install/perception/lib/perception/lidarcluster
-- Set runtime path of "/home/guildstudent/akash_ws/src/perception/install/perception/lib/perception/lidarcluster" to ""
-- Installing: /home/guildstudent/akash_ws/src/perception/install/perception/lib/perception/clusterros
-- Set runtime path of "/home/guildstudent/akash_ws/src/perception/install/perception/lib/perception/clusterros" to ""
-- Installing: /home/guildstudent/akash_ws/src/perception/install/perception/lib/perception/cpp_code
-- Set runtime path of "/home/guildstudent/akash_ws/src/perception/install/perception/lib/perception/cpp_code" to ""
