[0.122s] DEBUG:colcon:Command line arguments: ['/usr/bin/colcon', 'build']
[0.122s] DEBUG:colcon:Parsed command line arguments: Namespace(log_base=None, log_level=None, verb_name='build', build_base='build', install_base='install', merge_install=False, symlink_install=False, test_result_base=None, continue_on_error=False, executor='parallel', parallel_workers=24, event_handlers=None, ignore_user_meta=False, metas=['./colcon.meta'], base_paths=['.'], packages_ignore=None, packages_ignore_regex=None, paths=None, packages_up_to=None, packages_up_to_regex=None, packages_above=None, packages_above_and_dependencies=None, packages_above_depth=None, packages_select_by_dep=None, packages_skip_by_dep=None, packages_skip_up_to=None, packages_select_build_failed=False, packages_skip_build_finished=False, packages_select_test_failures=False, packages_skip_test_passed=False, packages_select=None, packages_skip=None, packages_select_regex=None, packages_skip_regex=None, packages_start=None, packages_end=None, allow_overriding=[], cmake_args=None, cmake_target=None, cmake_target_skip_unavailable=False, cmake_clean_cache=False, cmake_clean_first=False, cmake_force_configure=False, ament_cmake_args=None, catkin_cmake_args=None, catkin_skip_building_tests=False, verb_parser=<colcon_defaults.argument_parser.defaults.DefaultArgumentsDecorator object at 0x755b66ab2440>, verb_extension=<colcon_core.verb.build.BuildVerb object at 0x755b66a64460>, main=<bound method BuildVerb.main of <colcon_core.verb.build.BuildVerb object at 0x755b66a64460>>)
[0.159s] Level 1:colcon.colcon_core.package_discovery:discover_packages(colcon_meta) check parameters
[0.159s] Level 1:colcon.colcon_core.package_discovery:discover_packages(recursive) check parameters
[0.159s] Level 1:colcon.colcon_core.package_discovery:discover_packages(ignore) check parameters
[0.159s] Level 1:colcon.colcon_core.package_discovery:discover_packages(path) check parameters
[0.159s] Level 1:colcon.colcon_core.package_discovery:discover_packages(colcon_meta) discover
[0.159s] Level 1:colcon.colcon_core.package_discovery:discover_packages(recursive) discover
[0.159s] INFO:colcon.colcon_core.package_discovery:Crawling recursively for packages in '/home/guildstudent/akash_ws/src/perception'
[0.159s] Level 1:colcon.colcon_core.package_identification:_identify(.) by extensions ['ignore', 'ignore_ament_install']
[0.159s] Level 1:colcon.colcon_core.package_identification:_identify(.) by extension 'ignore'
[0.159s] Level 1:colcon.colcon_core.package_identification:_identify(.) by extension 'ignore_ament_install'
[0.159s] Level 1:colcon.colcon_core.package_identification:_identify(.) by extensions ['colcon_pkg']
[0.159s] Level 1:colcon.colcon_core.package_identification:_identify(.) by extension 'colcon_pkg'
[0.160s] Level 1:colcon.colcon_core.package_identification:_identify(.) by extensions ['colcon_meta']
[0.160s] Level 1:colcon.colcon_core.package_identification:_identify(.) by extension 'colcon_meta'
[0.160s] Level 1:colcon.colcon_core.package_identification:_identify(.) by extensions ['ros']
[0.160s] Level 1:colcon.colcon_core.package_identification:_identify(.) by extension 'ros'
[0.176s] DEBUG:colcon.colcon_core.package_identification:Package '.' with type 'ros.ament_cmake' and name 'perception'
[0.177s] Level 1:colcon.colcon_core.package_discovery:discover_packages(recursive) using defaults
[0.177s] Level 1:colcon.colcon_core.package_discovery:discover_packages(ignore) discover
[0.177s] Level 1:colcon.colcon_core.package_discovery:discover_packages(ignore) using defaults
[0.177s] Level 1:colcon.colcon_core.package_discovery:discover_packages(path) discover
[0.177s] Level 1:colcon.colcon_core.package_discovery:discover_packages(path) using defaults
[0.196s] Level 1:colcon.colcon_core.package_discovery:discover_packages(prefix_path) check parameters
[0.196s] Level 1:colcon.colcon_core.package_discovery:discover_packages(prefix_path) discover
[0.198s] DEBUG:colcon.colcon_installed_package_information.package_discovery:Found 284 installed packages in /opt/ros/humble
[0.200s] Level 1:colcon.colcon_core.package_discovery:discover_packages(prefix_path) using defaults
[0.237s] Level 5:colcon.colcon_core.verb:set package 'perception' build argument 'cmake_args' from command line to 'None'
[0.237s] Level 5:colcon.colcon_core.verb:set package 'perception' build argument 'cmake_target' from command line to 'None'
[0.237s] Level 5:colcon.colcon_core.verb:set package 'perception' build argument 'cmake_target_skip_unavailable' from command line to 'False'
[0.237s] Level 5:colcon.colcon_core.verb:set package 'perception' build argument 'cmake_clean_cache' from command line to 'False'
[0.237s] Level 5:colcon.colcon_core.verb:set package 'perception' build argument 'cmake_clean_first' from command line to 'False'
[0.237s] Level 5:colcon.colcon_core.verb:set package 'perception' build argument 'cmake_force_configure' from command line to 'False'
[0.237s] Level 5:colcon.colcon_core.verb:set package 'perception' build argument 'ament_cmake_args' from command line to 'None'
[0.237s] Level 5:colcon.colcon_core.verb:set package 'perception' build argument 'catkin_cmake_args' from command line to 'None'
[0.237s] Level 5:colcon.colcon_core.verb:set package 'perception' build argument 'catkin_skip_building_tests' from command line to 'False'
[0.237s] DEBUG:colcon.colcon_core.verb:Building package 'perception' with the following arguments: {'ament_cmake_args': None, 'build_base': '/home/guildstudent/akash_ws/src/perception/build/perception', 'catkin_cmake_args': None, 'catkin_skip_building_tests': False, 'cmake_args': None, 'cmake_clean_cache': False, 'cmake_clean_first': False, 'cmake_force_configure': False, 'cmake_target': None, 'cmake_target_skip_unavailable': False, 'install_base': '/home/guildstudent/akash_ws/src/perception/install/perception', 'merge_install': False, 'path': '/home/guildstudent/akash_ws/src/perception', 'symlink_install': False, 'test_result_base': None}
[0.237s] INFO:colcon.colcon_core.executor:Executing jobs using 'parallel' executor
[0.238s] DEBUG:colcon.colcon_parallel_executor.executor.parallel:run_until_complete
[0.238s] INFO:colcon.colcon_ros.task.ament_cmake.build:Building ROS package in '/home/guildstudent/akash_ws/src/perception' with build type 'ament_cmake'
[0.239s] INFO:colcon.colcon_cmake.task.cmake.build:Building CMake package in '/home/guildstudent/akash_ws/src/perception'
[0.240s] INFO:colcon.colcon_core.plugin_system:Skipping extension 'colcon_core.shell.bat': Not used on non-Windows systems
[0.241s] INFO:colcon.colcon_core.shell:Skip shell extension 'powershell' for command environment: Not usable outside of PowerShell
[0.241s] DEBUG:colcon.colcon_core.shell:Skip shell extension 'dsv' for command environment
[0.253s] DEBUG:colcon.colcon_core.event_handler.log_command:Invoking command in '/home/guildstudent/akash_ws/src/perception/build/perception': CMAKE_PREFIX_PATH=/opt/ros/humble /home/guildstudent/.local/bin/cmake --build /home/guildstudent/akash_ws/src/perception/build/perception -- -j24 -l24
[21.517s] DEBUG:colcon.colcon_core.event_handler.log_command:Invoked command in '/home/guildstudent/akash_ws/src/perception/build/perception' returned '0': CMAKE_PREFIX_PATH=/opt/ros/humble /home/guildstudent/.local/bin/cmake --build /home/guildstudent/akash_ws/src/perception/build/perception -- -j24 -l24
[21.673s] DEBUG:colcon.colcon_core.event_handler.log_command:Invoking command in '/home/guildstudent/akash_ws/src/perception/build/perception': CMAKE_PREFIX_PATH=/opt/ros/humble /home/guildstudent/.local/bin/cmake --install /home/guildstudent/akash_ws/src/perception/build/perception
[21.748s] Level 1:colcon.colcon_core.environment:create_environment_scripts_only(perception)
[21.750s] DEBUG:colcon.colcon_core.event_handler.log_command:Invoked command in '/home/guildstudent/akash_ws/src/perception/build/perception' returned '0': CMAKE_PREFIX_PATH=/opt/ros/humble /home/guildstudent/.local/bin/cmake --install /home/guildstudent/akash_ws/src/perception/build/perception
[21.756s] Level 1:colcon.colcon_core.environment:checking '/home/guildstudent/akash_ws/src/perception/install/perception' for CMake module files
[21.758s] Level 1:colcon.colcon_core.environment:checking '/home/guildstudent/akash_ws/src/perception/install/perception' for CMake config files
[21.759s] Level 1:colcon.colcon_core.shell:create_environment_hook('perception', 'cmake_prefix_path')
[21.760s] INFO:colcon.colcon_core.shell:Creating environment hook '/home/guildstudent/akash_ws/src/perception/install/perception/share/perception/hook/cmake_prefix_path.ps1'
[21.761s] INFO:colcon.colcon_core.shell:Creating environment descriptor '/home/guildstudent/akash_ws/src/perception/install/perception/share/perception/hook/cmake_prefix_path.dsv'
[21.762s] INFO:colcon.colcon_core.shell:Creating environment hook '/home/guildstudent/akash_ws/src/perception/install/perception/share/perception/hook/cmake_prefix_path.sh'
[21.765s] Level 1:colcon.colcon_core.environment:checking '/home/guildstudent/akash_ws/src/perception/install/perception/lib'
[21.766s] Level 1:colcon.colcon_core.environment:checking '/home/guildstudent/akash_ws/src/perception/install/perception/bin'
[21.766s] Level 1:colcon.colcon_core.environment:checking '/home/guildstudent/akash_ws/src/perception/install/perception/lib/pkgconfig/perception.pc'
[21.766s] Level 1:colcon.colcon_core.environment:checking '/home/guildstudent/akash_ws/src/perception/install/perception/lib/python3.10/site-packages'
[21.767s] Level 1:colcon.colcon_core.environment:checking '/home/guildstudent/akash_ws/src/perception/install/perception/bin'
[21.768s] INFO:colcon.colcon_core.shell:Creating package script '/home/guildstudent/akash_ws/src/perception/install/perception/share/perception/package.ps1'
[21.770s] INFO:colcon.colcon_core.shell:Creating package descriptor '/home/guildstudent/akash_ws/src/perception/install/perception/share/perception/package.dsv'
[21.772s] INFO:colcon.colcon_core.shell:Creating package script '/home/guildstudent/akash_ws/src/perception/install/perception/share/perception/package.sh'
[21.774s] INFO:colcon.colcon_core.shell:Creating package script '/home/guildstudent/akash_ws/src/perception/install/perception/share/perception/package.bash'
[21.776s] INFO:colcon.colcon_core.shell:Creating package script '/home/guildstudent/akash_ws/src/perception/install/perception/share/perception/package.zsh'
[21.778s] Level 1:colcon.colcon_core.environment:create_file_with_runtime_dependencies(/home/guildstudent/akash_ws/src/perception/install/perception/share/colcon-core/packages/perception)
[21.892s] Level 1:colcon.colcon_core.environment:create_environment_scripts_only(perception)
[21.893s] Level 1:colcon.colcon_core.environment:checking '/home/guildstudent/akash_ws/src/perception/install/perception' for CMake module files
[21.895s] Level 1:colcon.colcon_core.environment:checking '/home/guildstudent/akash_ws/src/perception/install/perception' for CMake config files
[21.895s] Level 1:colcon.colcon_core.shell:create_environment_hook('perception', 'cmake_prefix_path')
[21.896s] INFO:colcon.colcon_core.shell:Creating environment hook '/home/guildstudent/akash_ws/src/perception/install/perception/share/perception/hook/cmake_prefix_path.ps1'
[21.897s] INFO:colcon.colcon_core.shell:Creating environment descriptor '/home/guildstudent/akash_ws/src/perception/install/perception/share/perception/hook/cmake_prefix_path.dsv'
[21.898s] INFO:colcon.colcon_core.shell:Creating environment hook '/home/guildstudent/akash_ws/src/perception/install/perception/share/perception/hook/cmake_prefix_path.sh'
[21.900s] Level 1:colcon.colcon_core.environment:checking '/home/guildstudent/akash_ws/src/perception/install/perception/lib'
[21.900s] Level 1:colcon.colcon_core.environment:checking '/home/guildstudent/akash_ws/src/perception/install/perception/bin'
[21.900s] Level 1:colcon.colcon_core.environment:checking '/home/guildstudent/akash_ws/src/perception/install/perception/lib/pkgconfig/perception.pc'
[21.901s] Level 1:colcon.colcon_core.environment:checking '/home/guildstudent/akash_ws/src/perception/install/perception/lib/python3.10/site-packages'
[21.901s] Level 1:colcon.colcon_core.environment:checking '/home/guildstudent/akash_ws/src/perception/install/perception/bin'
[21.902s] INFO:colcon.colcon_core.shell:Creating package script '/home/guildstudent/akash_ws/src/perception/install/perception/share/perception/package.ps1'
[21.904s] INFO:colcon.colcon_core.shell:Creating package descriptor '/home/guildstudent/akash_ws/src/perception/install/perception/share/perception/package.dsv'
[21.905s] INFO:colcon.colcon_core.shell:Creating package script '/home/guildstudent/akash_ws/src/perception/install/perception/share/perception/package.sh'
[21.906s] INFO:colcon.colcon_core.shell:Creating package script '/home/guildstudent/akash_ws/src/perception/install/perception/share/perception/package.bash'
[21.907s] INFO:colcon.colcon_core.shell:Creating package script '/home/guildstudent/akash_ws/src/perception/install/perception/share/perception/package.zsh'
[21.908s] Level 1:colcon.colcon_core.environment:create_file_with_runtime_dependencies(/home/guildstudent/akash_ws/src/perception/install/perception/share/colcon-core/packages/perception)
[21.909s] DEBUG:colcon.colcon_parallel_executor.executor.parallel:closing loop
[21.910s] DEBUG:colcon.colcon_parallel_executor.executor.parallel:loop closed
[21.910s] DEBUG:colcon.colcon_parallel_executor.executor.parallel:run_until_complete finished with '0'
[21.910s] DEBUG:colcon.colcon_core.event_reactor:joining thread
[21.917s] INFO:colcon.colcon_core.plugin_system:Skipping extension 'colcon_notification.desktop_notification.terminal_notifier': Not used on non-Darwin systems
[21.917s] INFO:colcon.colcon_core.plugin_system:Skipping extension 'colcon_notification.desktop_notification.win32': Not used on non-Windows systems
[21.917s] INFO:colcon.colcon_notification.desktop_notification:Sending desktop notification using 'notify2'
[21.935s] DEBUG:colcon.colcon_core.event_reactor:joined thread
[21.936s] INFO:colcon.colcon_core.shell:Creating prefix script '/home/guildstudent/akash_ws/src/perception/install/local_setup.ps1'
[21.938s] INFO:colcon.colcon_core.shell:Creating prefix util module '/home/guildstudent/akash_ws/src/perception/install/_local_setup_util_ps1.py'
[21.942s] INFO:colcon.colcon_core.shell:Creating prefix chain script '/home/guildstudent/akash_ws/src/perception/install/setup.ps1'
[21.945s] INFO:colcon.colcon_core.shell:Creating prefix script '/home/guildstudent/akash_ws/src/perception/install/local_setup.sh'
[21.947s] INFO:colcon.colcon_core.shell:Creating prefix util module '/home/guildstudent/akash_ws/src/perception/install/_local_setup_util_sh.py'
[21.948s] INFO:colcon.colcon_core.shell:Creating prefix chain script '/home/guildstudent/akash_ws/src/perception/install/setup.sh'
[21.951s] INFO:colcon.colcon_core.shell:Creating prefix script '/home/guildstudent/akash_ws/src/perception/install/local_setup.bash'
[21.952s] INFO:colcon.colcon_core.shell:Creating prefix chain script '/home/guildstudent/akash_ws/src/perception/install/setup.bash'
[21.955s] INFO:colcon.colcon_core.shell:Creating prefix script '/home/guildstudent/akash_ws/src/perception/install/local_setup.zsh'
[21.956s] INFO:colcon.colcon_core.shell:Creating prefix chain script '/home/guildstudent/akash_ws/src/perception/install/setup.zsh'
